Added Component: Designator=C1(C0603)
Added Component: Designator=C3(C0603)
Added Component: Designator=C4(C0603)
Add component: Footprint Not Found C0201
Added Component: Designator=R1(R0603)
Added Component: Designator=R3(R0603)
Added Component: Designator=R4(R0603)
Added Component: Designator=R5(RES-ADJ-SMD_3P-L4.5-W4.5-P2.30-BL-FS)
Added Component: Designator=R6(R0603)
Added Component: Designator=U1(SOP-8_L4.9-W3.9-P1.27-LS6.0-BL-EP3.1)
Added Component: Designator=U3(R0603)
Added Pin To Net: NetName=GND Pin=C3-1
Added Pin To Net: NetName=GND Pin=C4-1
Added Pin To Net: NetName=EN Pin=R1-2
Added Pin To Net: NetName=GND Pin=R4-1
Added Pin To Net: NetName=3V3 Pin=R5-2
Added Pin To Net: NetName=3V3 Pin=R5-3
Added Pin To Net: NetName=GND Pin=R6-1
Added Pin To Net: NetName=GND Pin=U1-4
Added Pin To Net: NetName=EN Pin=U1-7
Added Pin To Net: NetName=GND Pin=U1-9
Added Pin To Net: NetName=GND Pin=U3-1
Added Pin To Net: NetName=BS Pin=C1-1
Added Pin To Net: NetName=BS Pin=U1-1
Added Net: Name=BS
Added Pin To Net: NetName=COMP Pin=U1-6
Added Net: Name=COMP
Added Pin To Net: NetName=FB Pin=R3-1
Added Pin To Net: NetName=FB Pin=U1-5
Added Pin To Net: NetName=FB Pin=U3-2
Added Net: Name=FB
Added Pin To Net: NetName=IN Pin=C3-2
Added Pin To Net: NetName=IN Pin=P1-6
Added Pin To Net: NetName=IN Pin=R1-1
Added Pin To Net: NetName=IN Pin=R4-2
Added Pin To Net: NetName=IN Pin=U1-2
Added Net: Name=IN
Added Pin To Net: NetName=NetC13_2 Pin=R6-2
Added Net: Name=NetC13_2
Added Pin To Net: NetName=NetR3_2 Pin=R3-2
Added Pin To Net: NetName=NetR3_2 Pin=R5-1
Added Net: Name=NetR3_2
Added Pin To Net: NetName=SS Pin=C4-2
Added Pin To Net: NetName=SS Pin=U1-8
Added Net: Name=SS
Added Pin To Net: NetName=SW Pin=C1-2
Added Pin To Net: NetName=SW Pin=D1-1
Added Pin To Net: NetName=SW Pin=L1-1
Added Pin To Net: NetName=SW Pin=U1-3
Added Net: Name=SW
Added Member To Class: ClassName=Sheet2 Member=Component C1 100nF
Added Member To Class: ClassName=Sheet2 Member=Component C3 10uF
Added Member To Class: ClassName=Sheet2 Member=Component C4 100nF
Add Class Member: Failed to add class member : Component C13 6.8nF
Added Member To Class: ClassName=Sheet2 Member=Component R1 50kO
Added Member To Class: ClassName=Sheet2 Member=Component R3 10kohm
Added Member To Class: ClassName=Sheet2 Member=Component R4 100kO
Added Member To Class: ClassName=Sheet2 Member=Component R5 1kO
Added Member To Class: ClassName=Sheet2 Member=Component R6 6.8kO
Added Member To Class: ClassName=Sheet2 Member=Component U1 MP1484
Added Member To Class: ClassName=Sheet2 Member=Component U3 4kO
Added Rule: Name=Schematic Supply Nets_3
