Change Component Designator: OldDesignator=U1 NewDesignator=d
Change component parameters: Designator = "C2" ("C2"); Footprint = "C0603"; UniqueID = "\HKPZNDQC" ("\HKPZNDQC")
Change component parameters (AddParameter): Name = "VALUE"; Value = "22uF"; VariantName = "[No Variations]"
Change component parameters: Designator = "C3" ("C3"); Footprint = "C0603"; UniqueID = "\XVBIQMAN" ("\XVBIQMAN")
Change component parameters (AddParameter): Name = "VALUE"; Value = "10uF"; VariantName = "[No Variations]"
Change component parameters: Designator = "C4" ("C4"); Footprint = "C0603"; UniqueID = "\HCVVSABQ" ("\HCVVSABQ")
Change component parameters (AddParameter): Name = "VALUE"; Value = "100nF"; VariantName = "[No Variations]"
Change component parameters: Designator = "C5" ("C5"); Footprint = "C0603"; UniqueID = "\MECNTBHQ" ("\MECNTBHQ")
Change component parameters (AddParameter): Name = "VALUE"; Value = "100nF"; VariantName = "[No Variations]"
Change component parameters: Designator = "C6" ("C6"); Footprint = "C0603"; UniqueID = "\ZAEEELHQ" ("\ZAEEELHQ")
Change component parameters (AddParameter): Name = "VALUE"; Value = "100nF"; VariantName = "[No Variations]"
Change component parameters: Designator = "C7" ("C7"); Footprint = "C0402"; UniqueID = "\WHWZMQTI" ("\WHWZMQTI")
Change component parameters (AddParameter): Name = "VALUE"; Value = "4.7nF"; VariantName = "[No Variations]"
Change component parameters: Designator = "C8" ("C8"); Footprint = "C0402"; UniqueID = "\MELFZMDD" ("\MELFZMDD")
Change component parameters (AddParameter): Name = "VALUE"; Value = "4.7nF"; VariantName = "[No Variations]"
Change component parameters: Designator = "C9" ("C9"); Footprint = "C0402"; UniqueID = "\OSFLNYCP" ("\OSFLNYCP")
Change component parameters (AddParameter): Name = "VALUE"; Value = "4.7nF"; VariantName = "[No Variations]"
Change component parameters: Designator = "C10" ("C10"); Footprint = "C0402"; UniqueID = "\ESMIAUAF" ("\ESMIAUAF")
Change component parameters (AddParameter): Name = "VALUE"; Value = "4.7nF"; VariantName = "[No Variations]"
Change component parameters: Designator = "C11" ("C11"); Footprint = "C0603"; UniqueID = "\FAXBOINO" ("\FAXBOINO")
Change component parameters (AddParameter): Name = "VALUE"; Value = "22uF"; VariantName = "[No Variations]"
Change component parameters: Designator = "C12" ("C12"); Footprint = "C0603"; UniqueID = "\KNVWUENE" ("\KNVWUENE")
Change component parameters (AddParameter): Name = "VALUE"; Value = "100nF"; VariantName = "[No Variations]"
Change component parameters: Designator = "C13" ("C13"); Footprint = "C0201"; UniqueID = "\EBZJCIPX" ("\EBZJCIPX")
Change component parameters (AddParameter): Name = "VALUE"; Value = "6.8nF"; VariantName = "[No Variations]"
Change component parameters: Designator = "D1" ("D1"); Footprint = "SMC_L6.9-W5.9-LS7.9-RD"; UniqueID = "\SJXBNOPS" ("\SJXBNOPS")
Change component parameters (AddParameter): Name = "VALUE"; Value = ""; VariantName = "[No Variations]"
Change component parameters: Designator = "L1" ("L1"); Footprint = "IND-SMD_L6.0-W6.0_VLS6045EX-2R0N"; UniqueID = "\DUGPNJKH" ("\DUGPNJKH")
Change component parameters (AddParameter): Name = "VALUE"; Value = "10uH"; VariantName = "[No Variations]"
Change component parameters: Designator = "LED1" ("LED1"); Footprint = "LED0603-RD_RED"; UniqueID = "\JRWPPNYX" ("\JRWPPNYX")
Change component parameters (AddParameter): Name = "VALUE"; Value = ""; VariantName = "[No Variations]"
Change component parameters: Designator = "LED2" ("LED2"); Footprint = "LED0603-RD_RED"; UniqueID = "\GTYZIXKX" ("\GTYZIXKX")
Change component parameters (AddParameter): Name = "VALUE"; Value = ""; VariantName = "[No Variations]"
Change component parameters: Designator = "LED3" ("LED3"); Footprint = "LED0603-RD_RED"; UniqueID = "\RYSJPFAB" ("\RYSJPFAB")
Change component parameters (AddParameter): Name = "VALUE"; Value = ""; VariantName = "[No Variations]"
Change component parameters: Designator = "LED4" ("LED4"); Footprint = "LED0603-RD_RED"; UniqueID = "\RHAIMBAV" ("\RHAIMBAV")
Change component parameters (AddParameter): Name = "VALUE"; Value = ""; VariantName = "[No Variations]"
Change component parameters: Designator = "LED5" ("LED5"); Footprint = "LED0603-RD_RED"; UniqueID = "\KRJYZQIC" ("\KRJYZQIC")
Change component parameters (AddParameter): Name = "VALUE"; Value = ""; VariantName = "[No Variations]"
Change component parameters: Designator = "LED6" ("LED6"); Footprint = "LED0603-RD_RED"; UniqueID = "\VRPCSAZQ" ("\VRPCSAZQ")
Change component parameters (AddParameter): Name = "VALUE"; Value = ""; VariantName = "[No Variations]"
Change component parameters: Designator = "LED7" ("LED7"); Footprint = "LED0603-RD_RED"; UniqueID = "\ZOIKWCIC" ("\ZOIKWCIC")
Change component parameters (AddParameter): Name = "VALUE"; Value = ""; VariantName = "[No Variations]"
Change component parameters: Designator = "LED8" ("LED8"); Footprint = "LED0603-RD_RED"; UniqueID = "\GPINNLTJ" ("\GPINNLTJ")
Change component parameters (AddParameter): Name = "VALUE"; Value = ""; VariantName = "[No Variations]"
Change component parameters: Designator = "LED9" ("LED9"); Footprint = "LED0603-RD_RED"; UniqueID = "\JUWTWMYP" ("\JUWTWMYP")
Change component parameters (AddParameter): Name = "VALUE"; Value = ""; VariantName = "[No Variations]"
Change component parameters: Designator = "R1" ("R1"); Footprint = "R0603"; UniqueID = "\QPVOMCCQ" ("\QPVOMCCQ")
Change component parameters (AddParameter): Name = "VALUE"; Value = "50k"; VariantName = "[No Variations]"
Change component parameters: Designator = "R2" ("R2"); Footprint = "R0603"; UniqueID = "\TVVYJURA" ("\TVVYJURA")
Change component parameters (AddParameter): Name = "VALUE"; Value = "50"; VariantName = "[No Variations]"
Change component parameters: Designator = "R3" ("R3"); Footprint = "R0603"; UniqueID = "\URTYNUNW" ("\URTYNUNW")
Change component parameters (AddParameter): Name = "VALUE"; Value = "10k"; VariantName = "[No Variations]"
Change component parameters: Designator = "R4" ("R4"); Footprint = "R0603"; UniqueID = "\UOSOXPKV" ("\UOSOXPKV")
Change component parameters (AddParameter): Name = "VALUE"; Value = "100k"; VariantName = "[No Variations]"
Change component parameters: Designator = "R5" ("R5"); Footprint = "RES-ADJ-SMD_3P-L4.5-W4.5-P2.30-BL-FS"; UniqueID = "\ZHDJTUVI" ("\ZHDJTUVI")
Change component parameters (AddParameter): Name = "VALUE"; Value = "0k"; VariantName = "[No Variations]"
Change component parameters: Designator = "R6" ("R6"); Footprint = "R0603"; UniqueID = "\TEGOYNLR" ("\TEGOYNLR")
Change component parameters (AddParameter): Name = "VALUE"; Value = "6.8k"; VariantName = "[No Variations]"
Change component parameters: Designator = "R8" ("R8"); Footprint = "R0603"; UniqueID = "\YNIMZKTN" ("\YNIMZKTN")
Change component parameters (AddParameter): Name = "VALUE"; Value = "10k"; VariantName = "[No Variations]"
Change component parameters: Designator = "R9" ("R9"); Footprint = "R0603"; UniqueID = "\SNYLADCX" ("\SNYLADCX")
Change component parameters (AddParameter): Name = "VALUE"; Value = "10k"; VariantName = "[No Variations]"
Change component parameters: Designator = "R10" ("R10"); Footprint = "R0603"; UniqueID = "\IQPJJGVT" ("\IQPJJGVT")
Change component parameters (AddParameter): Name = "VALUE"; Value = "10k"; VariantName = "[No Variations]"
Change component parameters: Designator = "R11" ("R11"); Footprint = "R0603"; UniqueID = "\BJXLZVTF" ("\BJXLZVTF")
Change component parameters (AddParameter): Name = "VALUE"; Value = "10k"; VariantName = "[No Variations]"
Change component parameters: Designator = "R12" ("R12"); Footprint = "R0603"; UniqueID = "\OFTEERAC" ("\OFTEERAC")
Change component parameters (AddParameter): Name = "VALUE"; Value = "10k"; VariantName = "[No Variations]"
Change component parameters: Designator = "R13" ("R13"); Footprint = "R0603"; UniqueID = "\TUUHFKDD" ("\TUUHFKDD")
Change component parameters (AddParameter): Name = "VALUE"; Value = "10k"; VariantName = "[No Variations]"
Change component parameters: Designator = "R14" ("R14"); Footprint = "R0603"; UniqueID = "\VJRWMKOK" ("\VJRWMKOK")
Change component parameters (AddParameter): Name = "VALUE"; Value = "100"; VariantName = "[No Variations]"
Change component parameters: Designator = "R15" ("R15"); Footprint = "R0603"; UniqueID = "\KYKPSPUW" ("\KYKPSPUW")
Change component parameters (AddParameter): Name = "Parameter 1"; Value = ""; VariantName = "[No Variations]"
Change component parameters (AddParameter): Name = "VALUE"; Value = "100"; VariantName = "[No Variations]"
Change component parameters: Designator = "R16" ("R16"); Footprint = "R0603"; UniqueID = "\JONHHUUI" ("\JONHHUUI")
Change component parameters (AddParameter): Name = "VALUE"; Value = "50"; VariantName = "[No Variations]"
Change component parameters: Designator = "R17" ("R17"); Footprint = "R0603"; UniqueID = "\EXHQFSCL" ("\EXHQFSCL")
Change component parameters (AddParameter): Name = "VALUE"; Value = "100"; VariantName = "[No Variations]"
Change component parameters: Designator = "R18" ("R18"); Footprint = "R0603"; UniqueID = "\AOIIYEQJ" ("\AOIIYEQJ")
Change component parameters (AddParameter): Name = "VALUE"; Value = "50"; VariantName = "[No Variations]"
Change component parameters: Designator = "R19" ("R19"); Footprint = "R0603"; UniqueID = "\WRTVUUVN" ("\WRTVUUVN")
Change component parameters (AddParameter): Name = "VALUE"; Value = "50"; VariantName = "[No Variations]"
Change component parameters: Designator = "R20" ("R20"); Footprint = "R0603"; UniqueID = "\WOSMTHQK" ("\WOSMTHQK")
Change component parameters (AddParameter): Name = "VALUE"; Value = "100"; VariantName = "[No Variations]"
Change component parameters: Designator = "R21" ("R21"); Footprint = "R0603"; UniqueID = "\AYPZMYJL" ("\AYPZMYJL")
Change component parameters (AddParameter): Name = "VALUE"; Value = "50"; VariantName = "[No Variations]"
Change component parameters: Designator = "U3" ("U3"); Footprint = "R0603"; UniqueID = "\HLYLOVJU" ("\HLYLOVJU")
Change component parameters (AddParameter): Name = "VALUE"; Value = "4k"; VariantName = "[No Variations]"
