Removed Pin From Net: NetName=GND Pin=C1-1
Removed Pin From Net: NetName=GND Pin=C3-1
Removed Pin From Net: NetName=GND Pin=C4-2
Removed Pin From Net: NetName=GND Pin=C7-2
Removed Pin From Net: NetName=GND Pin=C8-1
Removed Pin From Net: NetName=GND Pin=C9-2
Removed Pin From Net: NetName=GND Pin=C10-2
Removed Pin From Net: NetName=GND Pin=C12-2
Removed Pin From Net: NetName=GND Pin=C13-2
Removed Pin From Net: NetName=GND Pin=IC1-4
Removed Pin From Net: NetName=GND Pin=LED1-1
Removed Pin From Net: NetName=GND Pin=LED2-1
Removed Pin From Net: NetName=GND Pin=LED3-1
Removed Pin From Net: NetName=GND Pin=LED5-1
Removed Pin From Net: NetName=GND Pin=LED8-1
Removed Pin From Net: NetName=IO14 Pin=P1-3
Removed Pin From Net: NetName=IO27 Pin=P1-4
Removed Pin From Net: NetName=IO26 Pin=P1-5
Removed Pin From Net: NetName=IO25 Pin=P1-6
Removed Pin From Net: NetName=GND Pin=R7-1
Removed Pin From Net: NetName=GND Pin=R8-1
Removed Pin From Net: NetName=GND Pin=R9-1
Removed Pin From Net: NetName=3V3 Pin=R11-1
Removed Pin From Net: NetName=3V3 Pin=R13-1
Removed Pin From Net: NetName=3V3 Pin=R15-1
Removed Pin From Net: NetName=3V3 Pin=R17-1
Removed Member From Class: ClassName=Sheet2 Member=LED2
Removed Member From Class: ClassName=Sheet2 Member=LED3
Removed Member From Class: ClassName=Sheet2 Member=LED5
Removed Member From Class: ClassName=Sheet2 Member=LED8
Removed Member From Class: ClassName=Sheet2 Member=R11
Removed Member From Class: ClassName=Sheet2 Member=R13
Removed Member From Class: ClassName=Sheet2 Member=R15
Removed Member From Class: ClassName=Sheet2 Member=R17
Added Component: Designator=C16(C0603)
Added Component: Designator=C17(C0603)
Added Component: Designator=C18(C0603)
Added Component: Designator=C19(C0603)
Added Pin To Net: NetName=GND Pin=C16-2
Added Pin To Net: NetName=GND Pin=C17-2
Added Pin To Net: NetName=GND Pin=C18-2
Added Pin To Net: NetName=GND Pin=C19-2
Add Pin To Net: Unknown Pin: Pin T1-1
Add Pin To Net: Unknown Pin: Pin T2-1
Add Pin To Net: Unknown Pin: Pin T3-1
Add Pin To Net: Unknown Pin: Pin T4-1
Change Net Name : Old Net Name=VCC New Net Name=5V
Change Net Color : Old Net Color=RGB(158, 161, 117) New Net Color=Aqua
Added Pin To Net: NetName=AGND Pin=C9-2
Added Pin To Net: NetName=AGND Pin=C10-2
Added Pin To Net: NetName=AGND Pin=C12-2
Added Pin To Net: NetName=AGND Pin=C13-2
Added Net: Name=AGND
Added Pin To Net: NetName=IO5 Pin=P1-6
Added Pin To Net: NetName=IO5 Pin=U1-29
Added Net: Name=IO5
Added Pin To Net: NetName=IO21 Pin=P1-3
Added Pin To Net: NetName=IO21 Pin=U1-35
Added Net: Name=IO21
Added Pin To Net: NetName=IO22 Pin=P1-4
Added Pin To Net: NetName=IO22 Pin=U1-34
Added Net: Name=IO22
Added Pin To Net: NetName=IO23 Pin=P1-5
Added Pin To Net: NetName=IO23 Pin=U1-33
Added Net: Name=IO23
Added Pin To Net: NetName=NetC16_1 Pin=C16-1
Added Pin To Net: NetName=NetC16_1 Pin=LED4-2
Added Pin To Net: NetName=NetC16_1 Pin=R10-2
Added Net: Name=NetC16_1
Added Pin To Net: NetName=NetC17_1 Pin=C17-1
Added Pin To Net: NetName=NetC17_1 Pin=LED6-2
Added Pin To Net: NetName=NetC17_1 Pin=R12-2
Added Net: Name=NetC17_1
Added Pin To Net: NetName=NetC18_1 Pin=C18-1
Added Pin To Net: NetName=NetC18_1 Pin=LED7-2
Added Pin To Net: NetName=NetC18_1 Pin=R14-2
Added Net: Name=NetC18_1
Added Pin To Net: NetName=NetC19_1 Pin=C19-1
Added Pin To Net: NetName=NetC19_1 Pin=LED9-2
Added Pin To Net: NetName=NetC19_1 Pin=R16-2
Added Net: Name=NetC19_1
Added Pin To Net: NetName=PGND Pin=C1-1
Added Pin To Net: NetName=PGND Pin=C3-1
Added Pin To Net: NetName=PGND Pin=C4-2
Added Pin To Net: NetName=PGND Pin=C7-2
Added Pin To Net: NetName=PGND Pin=C8-1
Added Pin To Net: NetName=PGND Pin=IC1-4
Added Pin To Net: NetName=PGND Pin=LED1-1
Added Pin To Net: NetName=PGND Pin=R7-1
Added Pin To Net: NetName=PGND Pin=R8-1
Added Pin To Net: NetName=PGND Pin=R9-1
Added Net: Name=PGND
Added Member To Class: ClassName=Sheet2 Member=Component C16 1nF
Added Member To Class: ClassName=Sheet2 Member=Component C17 1nF
Added Member To Class: ClassName=Sheet2 Member=Component C18 1nF
Added Member To Class: ClassName=Sheet2 Member=Component C19 1nF
Add Class Member: Failed to add class member : Component T1 TouchPad
Add Class Member: Failed to add class member : Component T2 TouchPad
Add Class Member: Failed to add class member : Component T3 TouchPad
Add Class Member: Failed to add class member : Component T4 TouchPad
Added Rule: Name=Schematic Supply Nets_3
Added Rule: Name=Schematic Supply Nets_4
Added Rule: Name=Schematic Supply Nets_5
