Removed Pin From Net: NetName=GND Pin=LED4-1
Removed Pin From Net: NetName=NetC16_1 Pin=LED4-2
Removed Pin From Net: NetName=GND Pin=LED6-1
Removed Pin From Net: NetName=NetC17_1 Pin=LED6-2
Removed Pin From Net: NetName=GND Pin=LED7-1
Removed Pin From Net: NetName=NetC18_1 Pin=LED7-2
Removed Pin From Net: NetName=GND Pin=LED9-1
Removed Pin From Net: NetName=NetC19_1 Pin=LED9-2
Removed Member From Class: ClassName=Sheet2 Member=LED6
Removed Member From Class: ClassName=Sheet2 Member=LED7
Removed Member From Class: ClassName=Sheet2 Member=LED9
Change Component Footprint: Designator=LED4 Old Footprint=LED0603-RD_RED New Footprint=LED1206_LTST-C230KRKT
Change Component Comment : Designator=LED4 Old Comment=XL-1608SURC-06 New Comment=LTST-C250KFKT
Change component parameters: Designator = "LED4" ("LED4"); Footprint = "LED0603-RD_RED"; UniqueID = "\BWKEPBGL" ("\BWKEPBGL")
Added Component: Designator=C17(C0603)
Added Component: Designator=LED2(LED1206_LTST-C230KRKT)
Added Component: Designator=LED3(LED1206_LTST-C230KRKT)
Added Component: Designator=LED5(LED1206_LTST-C230KRKT)
Added Component: Designator=R12(R0603)
Added Component: Designator=T1(TouchPad)
Added Component: Designator=T2(TouchPad)
Added Component: Designator=T3(TouchPad)
Added Component: Designator=T4(TouchPad)
Added Pin To Net: NetName=NetC17_1 Pin=C17-1
Added Pin To Net: NetName=GND Pin=C17-2
Added Pin To Net: NetName=NetC17_1 Pin=LED2-1
Added Pin To Net: NetName=GND Pin=LED2-2
Added Pin To Net: NetName=NetC16_1 Pin=LED3-1
Added Pin To Net: NetName=GND Pin=LED3-2
Added Pin To Net: NetName=NetC18_1 Pin=LED4-1
Added Pin To Net: NetName=GND Pin=LED4-2
Added Pin To Net: NetName=NetC19_1 Pin=LED5-1
Added Pin To Net: NetName=GND Pin=LED5-2
Added Pin To Net: NetName=IO26 Pin=R12-1
Added Pin To Net: NetName=NetC17_1 Pin=R12-2
Added Pin To Net: NetName=NetR11_1 Pin=T1-1
Added Pin To Net: NetName=NetR13_1 Pin=T2-1
Added Pin To Net: NetName=NetR15_1 Pin=T3-1
Added Pin To Net: NetName=NetR17_1 Pin=T4-1
Added Member To Class: ClassName=Sheet2 Member=Component C17 1nF
Added Member To Class: ClassName=Sheet2 Member=Component LED2 LTST-C250KFKT
Added Member To Class: ClassName=Sheet2 Member=Component LED3 LTST-C250KFKT
Added Member To Class: ClassName=Sheet2 Member=Component LED5 LTST-C250KFKT
Added Member To Class: ClassName=Sheet2 Member=Component R12 100O
Added Member To Class: ClassName=Sheet2 Member=Component T1 TouchPad
Added Member To Class: ClassName=Sheet2 Member=Component T2 TouchPad
Added Member To Class: ClassName=Sheet2 Member=Component T3 TouchPad
Added Member To Class: ClassName=Sheet2 Member=Component T4 TouchPad
