Added Component: Designator=C1(C0603)
Added Component: Designator=C2(C0603)
Added Component: Designator=C3(C0603)
Added Component: Designator=C4(CAP-SMD_BD6.3-L6.6-W6.6-FD)
Added Component: Designator=C5(C0603)
Added Component: Designator=C6(C0603)
Added Component: Designator=C7(CAP-SMD_BD6.3-L6.6-W6.6-FD)
Added Component: Designator=C8(C0603)
Added Component: Designator=C9(C0402)
Added Component: Designator=C10(C0402)
Added Component: Designator=C11(C0603)
Added Component: Designator=C12(C0402)
Added Component: Designator=C13(C0402)
Added Component: Designator=C14(C0603)
Added Component: Designator=C15(C0603)
Added Component: Designator=IC1(SOP-8_L4.9-W3.9-P1.27-LS6.0-BL-EP3.1)
Added Component: Designator=L1(IND-SMD_L6.0-W6.0_VLS6045EX-2R0N)
Added Component: Designator=LED1(LED0603-RD_RED)
Add component (AddParameter): Name = "VALUE"; Value = ""; VariantName = "[No Variations]"
Added Component: Designator=LED2(LED0603-RD_RED)
Add component (AddParameter): Name = "VALUE"; Value = ""; VariantName = "[No Variations]"
Added Component: Designator=LED3(LED0603-RD_RED)
Add component (AddParameter): Name = "VALUE"; Value = ""; VariantName = "[No Variations]"
Added Component: Designator=LED4(LED0603-RD_RED)
Add component (AddParameter): Name = "VALUE"; Value = ""; VariantName = "[No Variations]"
Added Component: Designator=LED5(LED0603-RD_RED)
Add component (AddParameter): Name = "VALUE"; Value = ""; VariantName = "[No Variations]"
Added Component: Designator=LED6(LED0603-RD_RED)
Add component (AddParameter): Name = "VALUE"; Value = ""; VariantName = "[No Variations]"
Added Component: Designator=LED7(LED0603-RD_RED)
Add component (AddParameter): Name = "VALUE"; Value = ""; VariantName = "[No Variations]"
Added Component: Designator=LED8(LED0603-RD_RED)
Add component (AddParameter): Name = "VALUE"; Value = ""; VariantName = "[No Variations]"
Added Component: Designator=LED9(LED0603-RD_RED)
Add component (AddParameter): Name = "VALUE"; Value = ""; VariantName = "[No Variations]"
Added Component: Designator=P1(HDR1X6)
Add component (AddParameter): Name = "LatestRevisionDate"; Value = "17-Jul-2002"; VariantName = "[No Variations]"
Add component (AddParameter): Name = "LatestRevisionNote"; Value = "Re-released for DXP Platform."; VariantName = "[No Variations]"
Add component (AddParameter): Name = "Publisher"; Value = "Altium Limited"; VariantName = "[No Variations]"
Added Component: Designator=P2(HDR1X4)
Add component (AddParameter): Name = "LatestRevisionDate"; Value = "17-Jul-2002"; VariantName = "[No Variations]"
Add component (AddParameter): Name = "LatestRevisionNote"; Value = "Re-released for DXP Platform."; VariantName = "[No Variations]"
Add component (AddParameter): Name = "Publisher"; Value = "Altium Limited"; VariantName = "[No Variations]"
Added Component: Designator=R1(R0603)
Added Component: Designator=R2(R0603)
Added Component: Designator=R3(R0603)
Added Component: Designator=R4(R0603)
Added Component: Designator=R5(RES-ADJ-SMD_3P-L4.5-W4.5-P2.30-BL-FS)
Added Component: Designator=R6(R0603)
Added Component: Designator=R7(R0603)
Added Component: Designator=R8(R0603)
Added Component: Designator=R9(R0603)
Added Component: Designator=R10(R0603)
Added Component: Designator=R11(R0603)
Added Component: Designator=R12(R0603)
Added Component: Designator=R13(R0603)
Added Component: Designator=R14(R0603)
Added Component: Designator=R15(R0603)
Added Component: Designator=R16(R0603)
Added Component: Designator=R17(R0603)
Added Component: Designator=SW1(KEY-SMD_B3U-1000PM)
Added Component: Designator=SW2(KEY-SMD_B3U-1000PM)
Added Component: Designator=U1(BULETM-SMD_ESP32-PICO-MINI-02-N8R2)
Added Pin To Net: NetName=GND Pin=C1-1
Added Pin To Net: NetName=3V3 Pin=C1-2
Added Pin To Net: NetName=SW Pin=C2-1
Added Pin To Net: NetName=BS Pin=C2-2
Added Pin To Net: NetName=GND Pin=C3-1
Added Pin To Net: NetName=VCC Pin=C3-2
Added Pin To Net: NetName=VCC Pin=C4-1
Added Pin To Net: NetName=GND Pin=C4-2
Added Pin To Net: NetName=Boot Pin=C5-1
Added Pin To Net: NetName=GND Pin=C5-2
Added Pin To Net: NetName=EN Pin=C6-1
Added Pin To Net: NetName=GND Pin=C6-2
Added Pin To Net: NetName=3V3 Pin=C7-1
Added Pin To Net: NetName=GND Pin=C7-2
Added Pin To Net: NetName=GND Pin=C8-1
Added Pin To Net: NetName=SS Pin=C8-2
Added Pin To Net: NetName=touch1 Pin=C9-1
Added Pin To Net: NetName=GND Pin=C9-2
Added Pin To Net: NetName=touch3 Pin=C10-1
Added Pin To Net: NetName=GND Pin=C10-2
Added Pin To Net: NetName=NetC11_1 Pin=C11-1
Added Pin To Net: NetName=COMP Pin=C11-2
Added Pin To Net: NetName=touch2 Pin=C12-1
Added Pin To Net: NetName=GND Pin=C12-2
Added Pin To Net: NetName=touch4 Pin=C13-1
Added Pin To Net: NetName=GND Pin=C13-2
Added Pin To Net: NetName=GND Pin=C14-1
Added Pin To Net: NetName=3V3 Pin=C14-2
Added Pin To Net: NetName=3V3 Pin=C15-1
Added Pin To Net: NetName=GND Pin=C15-2
Added Pin To Net: NetName=BS Pin=IC1-1
Added Pin To Net: NetName=VCC Pin=IC1-2
Added Pin To Net: NetName=SW Pin=IC1-3
Added Pin To Net: NetName=GND Pin=IC1-4
Added Pin To Net: NetName=FB Pin=IC1-5
Added Pin To Net: NetName=COMP Pin=IC1-6
Added Pin To Net: NetName=EN1 Pin=IC1-7
Added Pin To Net: NetName=SS Pin=IC1-8
Added Pin To Net: NetName=GND Pin=IC1-9
Added Pin To Net: NetName=SW Pin=L1-1
Added Pin To Net: NetName=3V3 Pin=L1-2
Added Pin To Net: NetName=GND Pin=LED1-1
Added Pin To Net: NetName=NetLED1_2 Pin=LED1-2
Added Pin To Net: NetName=GND Pin=LED2-1
Added Pin To Net: NetName=NetLED2_2 Pin=LED2-2
Added Pin To Net: NetName=GND Pin=LED3-1
Added Pin To Net: NetName=NetLED3_2 Pin=LED3-2
Added Pin To Net: NetName=GND Pin=LED4-1
Added Pin To Net: NetName=NetLED4_2 Pin=LED4-2
Added Pin To Net: NetName=GND Pin=LED5-1
Added Pin To Net: NetName=NetLED5_2 Pin=LED5-2
Added Pin To Net: NetName=GND Pin=LED6-1
Added Pin To Net: NetName=NetLED6_2 Pin=LED6-2
Added Pin To Net: NetName=GND Pin=LED7-1
Added Pin To Net: NetName=NetLED7_2 Pin=LED7-2
Added Pin To Net: NetName=GND Pin=LED8-1
Added Pin To Net: NetName=NetLED8_2 Pin=LED8-2
Added Pin To Net: NetName=GND Pin=LED9-1
Added Pin To Net: NetName=NetLED9_2 Pin=LED9-2
Added Pin To Net: NetName=GND Pin=P1-1
Added Pin To Net: NetName=VCC Pin=P1-2
Added Pin To Net: NetName=IO14 Pin=P1-3
Added Pin To Net: NetName=IO27 Pin=P1-4
Added Pin To Net: NetName=IO26 Pin=P1-5
Added Pin To Net: NetName=IO25 Pin=P1-6
Added Pin To Net: NetName=GND Pin=P2-1
Added Pin To Net: NetName=TX Pin=P2-2
Added Pin To Net: NetName=RX Pin=P2-3
Added Pin To Net: NetName=3V3 Pin=P2-4
Added Pin To Net: NetName=GND Pin=R1-1
Added Pin To Net: NetName=3V3 Pin=R1-2
Added Pin To Net: NetName=GND Pin=R2-1
Added Pin To Net: NetName=3V3 Pin=R2-2
Added Pin To Net: NetName=EN1 Pin=R3-1
Added Pin To Net: NetName=VCC Pin=R3-2
Added Pin To Net: NetName=NetLED1_2 Pin=R4-1
Added Pin To Net: NetName=3V3 Pin=R4-2
Added Pin To Net: NetName=NetR5_1 Pin=R5-1
Added Pin To Net: NetName=3V3 Pin=R5-2
Added Pin To Net: NetName=3V3 Pin=R5-3
Added Pin To Net: NetName=FB Pin=R6-1
Added Pin To Net: NetName=NetR5_1 Pin=R6-2
Added Pin To Net: NetName=GND Pin=R7-1
Added Pin To Net: NetName=EN1 Pin=R7-2
Added Pin To Net: NetName=GND Pin=R8-1
Added Pin To Net: NetName=FB Pin=R8-2
Added Pin To Net: NetName=GND Pin=R9-1
Added Pin To Net: NetName=NetC11_1 Pin=R9-2
Added Pin To Net: NetName=IO25 Pin=R10-1
Added Pin To Net: NetName=NetLED4_2 Pin=R10-2
Added Pin To Net: NetName=3V3 Pin=R11-1
Added Pin To Net: NetName=NetLED2_2 Pin=R11-2
Added Pin To Net: NetName=IO26 Pin=R12-1
Added Pin To Net: NetName=NetLED6_2 Pin=R12-2
Added Pin To Net: NetName=3V3 Pin=R13-1
Added Pin To Net: NetName=NetLED3_2 Pin=R13-2
Added Pin To Net: NetName=IO27 Pin=R14-1
Added Pin To Net: NetName=NetLED7_2 Pin=R14-2
Added Pin To Net: NetName=3V3 Pin=R15-1
Added Pin To Net: NetName=NetLED5_2 Pin=R15-2
Added Pin To Net: NetName=IO14 Pin=R16-1
Added Pin To Net: NetName=NetLED9_2 Pin=R16-2
Added Pin To Net: NetName=3V3 Pin=R17-1
Added Pin To Net: NetName=NetLED8_2 Pin=R17-2
Added Pin To Net: NetName=GND Pin=SW1-1
Added Pin To Net: NetName=Boot Pin=SW1-2
Added Pin To Net: NetName=GND Pin=SW2-1
Added Pin To Net: NetName=EN Pin=SW2-2
Added Pin To Net: NetName=GND Pin=U1-1
Added Pin To Net: NetName=GND Pin=U1-2
Added Pin To Net: NetName=3V3 Pin=U1-3
Added Pin To Net: NetName=EN Pin=U1-8
Added Pin To Net: NetName=GND Pin=U1-11
Added Pin To Net: NetName=touch1 Pin=U1-12
Added Pin To Net: NetName=touch2 Pin=U1-13
Added Pin To Net: NetName=GND Pin=U1-14
Added Pin To Net: NetName=IO25 Pin=U1-15
Added Pin To Net: NetName=IO26 Pin=U1-16
Added Pin To Net: NetName=IO27 Pin=U1-17
Added Pin To Net: NetName=IO14 Pin=U1-18
Added Pin To Net: NetName=touch3 Pin=U1-20
Added Pin To Net: NetName=touch4 Pin=U1-21
Added Pin To Net: NetName=Boot Pin=U1-23
Added Pin To Net: NetName=RX Pin=U1-30
Added Pin To Net: NetName=TX Pin=U1-31
Added Pin To Net: NetName=GND Pin=U1-36
Added Pin To Net: NetName=GND Pin=U1-37
Added Pin To Net: NetName=GND Pin=U1-38
Added Pin To Net: NetName=GND Pin=U1-39
Added Pin To Net: NetName=GND Pin=U1-40
Added Pin To Net: NetName=GND Pin=U1-41
Added Pin To Net: NetName=GND Pin=U1-42
Added Pin To Net: NetName=GND Pin=U1-43
Added Pin To Net: NetName=GND Pin=U1-44
Added Pin To Net: NetName=GND Pin=U1-45
Added Pin To Net: NetName=GND Pin=U1-46
Added Pin To Net: NetName=GND Pin=U1-47
Added Pin To Net: NetName=GND Pin=U1-48
Added Pin To Net: NetName=GND Pin=U1-49
Added Pin To Net: NetName=GND Pin=U1-49
Added Pin To Net: NetName=GND Pin=U1-49
Added Pin To Net: NetName=GND Pin=U1-49
Added Pin To Net: NetName=GND Pin=U1-49
Added Pin To Net: NetName=GND Pin=U1-49
Added Pin To Net: NetName=GND Pin=U1-49
Added Pin To Net: NetName=GND Pin=U1-49
Added Pin To Net: NetName=GND Pin=U1-49
Added Pin To Net: NetName=GND Pin=U1-50
Added Pin To Net: NetName=GND Pin=U1-51
Added Pin To Net: NetName=GND Pin=U1-52
Added Pin To Net: NetName=GND Pin=U1-53
Added Member To Class: ClassName=Sheet2 Member=Component C1 22uF
Added Member To Class: ClassName=Sheet2 Member=Component C2 100nF
Added Member To Class: ClassName=Sheet2 Member=Component C3 10uF
Added Member To Class: ClassName=Sheet2 Member=Component C4 220uF
Added Member To Class: ClassName=Sheet2 Member=Component C5 100nF
Added Member To Class: ClassName=Sheet2 Member=Component C6 100nF
Added Member To Class: ClassName=Sheet2 Member=Component C7 10uF
Added Member To Class: ClassName=Sheet2 Member=Component C8 100nF
Added Member To Class: ClassName=Sheet2 Member=Component C9 4.7uF
Added Member To Class: ClassName=Sheet2 Member=Component C10 4.7uF
Added Member To Class: ClassName=Sheet2 Member=Component C11 6.8uF
Added Member To Class: ClassName=Sheet2 Member=Component C12 4.7uF
Added Member To Class: ClassName=Sheet2 Member=Component C13 4.7uF
Added Member To Class: ClassName=Sheet2 Member=Component C14 22uF
Added Member To Class: ClassName=Sheet2 Member=Component C15 100nF
Added Member To Class: ClassName=Sheet2 Member=Component IC1 MP1484
Added Member To Class: ClassName=Sheet2 Member=Component L1 10uH
Added Member To Class: ClassName=Sheet2 Member=Component LED1 XL-1608SURC-06
Added Member To Class: ClassName=Sheet2 Member=Component LED2 XL-1608SURC-06
Added Member To Class: ClassName=Sheet2 Member=Component LED3 XL-1608SURC-06
Added Member To Class: ClassName=Sheet2 Member=Component LED4 XL-1608SURC-06
Added Member To Class: ClassName=Sheet2 Member=Component LED5 XL-1608SURC-06
Added Member To Class: ClassName=Sheet2 Member=Component LED6 XL-1608SURC-06
Added Member To Class: ClassName=Sheet2 Member=Component LED7 XL-1608SURC-06
Added Member To Class: ClassName=Sheet2 Member=Component LED8 XL-1608SURC-06
Added Member To Class: ClassName=Sheet2 Member=Component LED9 XL-1608SURC-06
Added Member To Class: ClassName=Sheet2 Member=Component P1 Header 6
Added Member To Class: ClassName=Sheet2 Member=Component P2 Header 4
Added Member To Class: ClassName=Sheet2 Member=Component R1 10kO
Added Member To Class: ClassName=Sheet2 Member=Component R2 10kO
Added Member To Class: ClassName=Sheet2 Member=Component R3 50kO
Added Member To Class: ClassName=Sheet2 Member=Component R4 50O
Added Member To Class: ClassName=Sheet2 Member=Component R5 1kO
Added Member To Class: ClassName=Sheet2 Member=Component R6 26.1kO
Added Member To Class: ClassName=Sheet2 Member=Component R7 100kO
Added Member To Class: ClassName=Sheet2 Member=Component R8 10kO
Added Member To Class: ClassName=Sheet2 Member=Component R9 6.8kO
Added Member To Class: ClassName=Sheet2 Member=Component R10 100O
Added Member To Class: ClassName=Sheet2 Member=Component R11 250O
Added Member To Class: ClassName=Sheet2 Member=Component R12 100O
Added Member To Class: ClassName=Sheet2 Member=Component R13 100O
Added Member To Class: ClassName=Sheet2 Member=Component R14 100O
Added Member To Class: ClassName=Sheet2 Member=Component R15 100O
Added Member To Class: ClassName=Sheet2 Member=Component R16 100O
Added Member To Class: ClassName=Sheet2 Member=Component R17 100O
Added Member To Class: ClassName=Sheet2 Member=Component SW1 B3U-1000P
Added Member To Class: ClassName=Sheet2 Member=Component SW2 B3U-1000P
Add Class Member: Failed to add class member : Component T1 TouchPad
Add Class Member: Failed to add class member : Component T2 TouchPad
Add Class Member: Failed to add class member : Component T3 TouchPad
Add Class Member: Failed to add class member : Component T4 TouchPad
Added Member To Class: ClassName=Sheet2 Member=Component U1 ESP32-PICO-MINI-02-N8R2
