Removed Pin From Net: NetName=5V Pin=P1-2
Removed Pin From Net: NetName=IO21 Pin=P1-3
Removed Pin From Net: NetName=IO22 Pin=P1-4
Removed Pin From Net: NetName=IO23 Pin=P1-5
Removed Pin From Net: NetName=IO5 Pin=P1-6
Change Component Footprint: Designator=P1 Old Footprint=HDR1X6 New Footprint=HDR1X5
Change Component Comment : Designator=P1 Old Comment=Header 6 New Comment=Header 5
Added Component: Designator=HD1(HED2)
Add component (AddParameter): Name = "Value"; Value = "Header 2"; VariantName = "[No Variations]"
Added Pin To Net: NetName=PGND Pin=HD1-1
Added Pin To Net: NetName=5V Pin=HD1-2
Added Pin To Net: NetName=IO21 Pin=P1-2
Added Pin To Net: NetName=IO22 Pin=P1-3
Added Pin To Net: NetName=IO23 Pin=P1-4
Added Pin To Net: NetName=IO5 Pin=P1-5
Added Member To Class: ClassName=Sheet2 Member=Component HD1 Header 2
Added Member To Class: ClassName=Sheet2 Member=Component R11 1kO
Added Member To Class: ClassName=Sheet2 Member=Component R13 1kO
Added Member To Class: ClassName=Sheet2 Member=Component R15 1kO
Added Member To Class: ClassName=Sheet2 Member=Component R17 1kO
