Add Component: Footprint Not Found C0603
Add Component: Footprint Not Found R0603
Add Component: Footprint Not Found TouchPad
Add Component: Footprint Not Found TouchPad
Add Component: Footprint Not Found TouchPad
Add Component: Footprint Not Found TouchPad
Add Pin To Net: Unknown Pin: Pin C17-1
Add Pin To Net: Unknown Pin: Pin C17-2
Add Pin To Net: Unknown Pin: Pin R12-1
Add Pin To Net: Unknown Pin: Pin R12-2
Add Pin To Net: Unknown Pin: Pin T1-1
Add Pin To Net: Unknown Pin: Pin T2-1
Add Pin To Net: Unknown Pin: Pin T3-1
Add Pin To Net: Unknown Pin: Pin T4-1
Change Net Color : Old Net Color=Aqua New Net Color=Default
Change Net Color : Old Net Color=RGB(133, 32, 12) New Net Color=Default
Add Class Member: Failed to add class member : Component C17 1nF
Add Class Member: Failed to add class member : Component R12 100O
Add Class Member: Failed to add class member : Component T1 TouchPad
Add Class Member: Failed to add class member : Component T2 TouchPad
Add Class Member: Failed to add class member : Component T3 TouchPad
Add Class Member: Failed to add class member : Component T4 TouchPad
